<?xml version="1.0" encoding="UTF-8" ?>
<testsuite tests="117" failures="0" name="step_Definitions.RunnerTest" time="0.048" errors="0" skipped="0">
  <properties>
[...]
</properties>
  <testcase classname="Scenario: " name="Given Am on the home page" time="0.002"/>
  <testcase classname="Scenario: " name="And I click on my account link" time="0"/>
  <testcase classname="Scenario: " name="And I see a welcome message displayed" time="0"/>
  <testcase classname="Scenario: " name="When I entered valid email in the text field" time="0"/>
  <testcase classname="Scenario: " name="And I entered correct password field" time="0"/>
  <testcase classname="Scenario: " name="And I click on the signin button" time="0"/>
  <testcase classname="Scenario: " name="Scenario: " time="0"/>
  <testcase classname="Scenario: " name="Given Am on the home page" time="0"/>
  <testcase classname="Scenario: " name="And I click on my account link" time="0"/>
  <testcase classname="Scenario: " name="And I see a welcome message displayed" time="0"/>
  <testcase classname="Scenario: " name="When I click on hardware and I selected the product" time="0"/>
  <testcase classname="Scenario: " name="And I added this to cart" time="0"/>
  <testcase classname="Scenario: " name="And I click checkout button" time="0"/>
  <testcase classname="Scenario: " name="Scenario: " time="0"/>
  <testcase classname="| testof682@yahoo.com | Password27 |" name="Given Am on the home page" time="0"/>
  <testcase classname="| testof682@yahoo.com | Password27 |" name="And I click on my account link" time="0"/>
  <testcase classname="| testof682@yahoo.com | Password27 |" name="And I see a welcome message displayed" time="0"/>
  <testcase classname="| testof682@yahoo.com | Password27 |" name="And I entered valid &quot;testof682@yahoo.com&quot; email in the text field" time="0"/>
  <testcase classname="| testof682@yahoo.com | Password27 |" name="And I entered correct &quot;Password27&quot; password field" time="0"/>
  <testcase classname="| testof682@yahoo.com | Password27 |" name="And I click on the signin button" time="0"/>
  <testcase classname="| testof682@yahoo.com | Password27 |" name="Then I verify that I am logged in" time="0"/>
  <testcase classname="| testof682@yahoo.com | Password27 |" name="And I log out" time="0.005"/>
  <testcase classname="| testof682@yahoo.com | Password27 |" name="And I close the browser" time="0"/>
  <testcase classname="| testof682@yahoo.com | Password27 |" name="| testof682@yahoo.com | Password27 |" time="0"/>
  <testcase classname="| testof742@yahoo.com | Password325 |" name="Given Am on the home page" time="0"/>
  <testcase classname="| testof742@yahoo.com | Password325 |" name="And I click on my account link" time="0"/>
  <testcase classname="| testof742@yahoo.com | Password325 |" name="And I see a welcome message displayed" time="0"/>
  <testcase classname="| testof742@yahoo.com | Password325 |" name="And I entered valid &quot;testof742@yahoo.com&quot; email in the text field" time="0"/>
  <testcase classname="| testof742@yahoo.com | Password325 |" name="And I entered correct &quot;Password325&quot; password field" time="0"/>
  <testcase classname="| testof742@yahoo.com | Password325 |" name="And I click on the signin button" time="0"/>
  <testcase classname="| testof742@yahoo.com | Password325 |" name="Then I verify that I am logged in" time="0"/>
  <testcase classname="| testof742@yahoo.com | Password325 |" name="And I log out" time="0"/>
  <testcase classname="| testof742@yahoo.com | Password325 |" name="And I close the browser" time="0"/>
  <testcase classname="| testof742@yahoo.com | Password325 |" name="| testof742@yahoo.com | Password325 |" time="0"/>
  <testcase classname="| testof173@yahoo.com | Password325 |" name="Given Am on the home page" time="0"/>
  <testcase classname="| testof173@yahoo.com | Password325 |" name="And I click on my account link" time="0"/>
  <testcase classname="| testof173@yahoo.com | Password325 |" name="And I see a welcome message displayed" time="0"/>
  <testcase classname="| testof173@yahoo.com | Password325 |" name="And I entered valid &quot;testof173@yahoo.com&quot; email in the text field" time="0"/>
  <testcase classname="| testof173@yahoo.com | Password325 |" name="And I entered correct &quot;Password325&quot; password field" time="0"/>
  <testcase classname="| testof173@yahoo.com | Password325 |" name="And I click on the signin button" time="0"/>
  <testcase classname="| testof173@yahoo.com | Password325 |" name="Then I verify that I am logged in" time="0"/>
  <testcase classname="| testof173@yahoo.com | Password325 |" name="And I log out" time="0"/>
  <testcase classname="| testof173@yahoo.com | Password325 |" name="And I close the browser" time="0"/>
  <testcase classname="| testof173@yahoo.com | Password325 |" name="| testof173@yahoo.com | Password325 |" time="0.001"/>
  <testcase classname="| tesf778@hotmail.com | Password27 |" name="Given Am on the home page" time="0"/>
  <testcase classname="| tesf778@hotmail.com | Password27 |" name="And I click on my account link" time="0"/>
  <testcase classname="| tesf778@hotmail.com | Password27 |" name="And I see a welcome message displayed" time="0"/>
  <testcase classname="| tesf778@hotmail.com | Password27 |" name="When I entered wrong &quot;tesf778@hotmail.com&quot; address in the email text field" time="0"/>
  <testcase classname="| tesf778@hotmail.com | Password27 |" name="And I input invalid &quot;Password27&quot; password or blank password" time="0"/>
  <testcase classname="| tesf778@hotmail.com | Password27 |" name="And I click the signIn button" time="0"/>
  <testcase classname="| tesf778@hotmail.com | Password27 |" name="Then I should see error message displayed" time="0"/>
  <testcase classname="| tesf778@hotmail.com | Password27 |" name="And I log out" time="0"/>
  <testcase classname="| tesf778@hotmail.com | Password27 |" name="| tesf778@hotmail.com | Password27 |" time="0.01"/>
  <testcase classname="|  | Password325 |" name="Given Am on the home page" time="0"/>
  <testcase classname="|  | Password325 |" name="And I click on my account link" time="0"/>
  <testcase classname="|  | Password325 |" name="And I see a welcome message displayed" time="0"/>
  <testcase classname="|  | Password325 |" name="When I entered wrong &quot;&quot; address in the email text field" time="0"/>
  <testcase classname="|  | Password325 |" name="And I input invalid &quot;Password325&quot; password or blank password" time="0"/>
  <testcase classname="|  | Password325 |" name="And I click the signIn button" time="0"/>
  <testcase classname="|  | Password325 |" name="Then I should see error message displayed" time="0"/>
  <testcase classname="|  | Password325 |" name="And I log out" time="0"/>
  <testcase classname="|  | Password325 |" name="|  | Password325 |" time="0"/>
  <testcase classname="| testof682@yahoo.com | paswork325 |" name="Given Am on the home page" time="0"/>
  <testcase classname="| testof682@yahoo.com | paswork325 |" name="And I click on my account link" time="0"/>
  <testcase classname="| testof682@yahoo.com | paswork325 |" name="And I see a welcome message displayed" time="0"/>
  <testcase classname="| testof682@yahoo.com | paswork325 |" name="When I entered wrong &quot;testof682@yahoo.com&quot; address in the email text field" time="0"/>
  <testcase classname="| testof682@yahoo.com | paswork325 |" name="And I input invalid &quot;paswork325&quot; password or blank password" time="0"/>
  <testcase classname="| testof682@yahoo.com | paswork325 |" name="And I click the signIn button" time="0"/>
  <testcase classname="| testof682@yahoo.com | paswork325 |" name="Then I should see error message displayed" time="0"/>
  <testcase classname="| testof682@yahoo.com | paswork325 |" name="And I log out" time="0"/>
  <testcase classname="| testof682@yahoo.com | paswork325 |" name="| testof682@yahoo.com | paswork325 |" time="0"/>
  <testcase classname="| testof173@yahoo.com |  |" name="Given Am on the home page" time="0"/>
  <testcase classname="| testof173@yahoo.com |  |" name="And I click on my account link" time="0"/>
  <testcase classname="| testof173@yahoo.com |  |" name="And I see a welcome message displayed" time="0.03"/>
  <testcase classname="| testof173@yahoo.com |  |" name="When I entered wrong &quot;testof173@yahoo.com&quot; address in the email text field" time="0"/>
  <testcase classname="| testof173@yahoo.com |  |" name="And I input invalid &quot;&quot; password or blank password" time="0"/>
  <testcase classname="| testof173@yahoo.com |  |" name="And I click the signIn button" time="0"/>
  <testcase classname="| testof173@yahoo.com |  |" name="Then I should see error message displayed" time="0"/>
  <testcase classname="| testof173@yahoo.com |  |" name="And I log out" time="0"/>
  <testcase classname="| testof173@yahoo.com |  |" name="| testof173@yahoo.com |  |" time="0"/>
  <testcase classname="Scenario: " name="Given Am on the home page" time="0"/>
  <testcase classname="Scenario: " name="And I click on my account link" time="0"/>
  <testcase classname="Scenario: " name="And I see a welcome message displayed" time="0"/>
  <testcase classname="Scenario: " name="When I click the continue button" time="0"/>
  <testcase classname="Scenario: " name="And I filled the mandatory fields to register" time="0"/>
  <testcase classname="Scenario: " name="And I click continue after filling the mandatory fieds" time="0"/>
  <testcase classname="Scenario: " name="Then I should be logged in" time="0"/>
  <testcase classname="Scenario: " name="And I log out" time="0"/>
  <testcase classname="Scenario: " name="Scenario: " time="0"/>
  <testcase classname="| samsung |" name="Given Am on the home page" time="0"/>
  <testcase classname="| samsung |" name="And I click on my account link" time="0"/>
  <testcase classname="| samsung |" name="And I see a welcome message displayed" time="0"/>
  <testcase classname="| samsung |" name="And I type &quot;samsung&quot; in the search widget" time="0"/>
  <testcase classname="| samsung |" name="And I click search Icon" time="0"/>
  <testcase classname="| samsung |" name="Then I see search product displayed" time="0"/>
  <testcase classname="| samsung |" name="| samsung |" time="0"/>
  <testcase classname="| DVD |" name="Given Am on the home page" time="0"/>
  <testcase classname="| DVD |" name="And I click on my account link" time="0"/>
  <testcase classname="| DVD |" name="And I see a welcome message displayed" time="0"/>
  <testcase classname="| DVD |" name="And I type &quot;DVD&quot; in the search widget" time="0"/>
  <testcase classname="| DVD |" name="And I click search Icon" time="0"/>
  <testcase classname="| DVD |" name="Then I see search product displayed" time="0"/>
  <testcase classname="| DVD |" name="| DVD |" time="0"/>
  <testcase classname="| CD |" name="Given Am on the home page" time="0"/>
  <testcase classname="| CD |" name="And I click on my account link" time="0"/>
  <testcase classname="| CD |" name="And I see a welcome message displayed" time="0"/>
  <testcase classname="| CD |" name="And I type &quot;CD&quot; in the search widget" time="0"/>
  <testcase classname="| CD |" name="And I click search Icon" time="0"/>
  <testcase classname="| CD |" name="Then I see search product displayed" time="0"/>
  <testcase classname="| CD |" name="| CD |" time="0"/>
  <testcase classname="| Mouse |" name="Given Am on the home page" time="0"/>
  <testcase classname="| Mouse |" name="And I click on my account link" time="0"/>
  <testcase classname="| Mouse |" name="And I see a welcome message displayed" time="0"/>
  <testcase classname="| Mouse |" name="And I type &quot;Mouse&quot; in the search widget" time="0"/>
  <testcase classname="| Mouse |" name="And I click search Icon" time="0"/>
  <testcase classname="| Mouse |" name="Then I see search product displayed" time="0"/>
  <testcase classname="| Mouse |" name="| Mouse |" time="0"/>
</testsuite>